# JRE version: OpenJDK Runtime Environment (8.0_212-b03) (build 1.8.0_212-8u212-b03-0ubuntu1.18.04.1-b03)
# Java VM: OpenJDK 64-Bit Server VM (25.212-b03 mixed mode linux-amd64 compressed oops)
Heap:
 PSYoungGen      total 142848K, used 82441K [0x000000076d100000, 0x000000077ba00000, 0x00000007c0000000)
  eden space 128512K, 63% used [0x000000076d100000,0x00000007720ce618,0x0000000774e80000)
  from space 14336K, 5% used [0x0000000775d00000,0x0000000775db3e50,0x0000000776b00000)
  to   space 14848K, 0% used [0x0000000774e80000,0x0000000774e80000,0x0000000775d00000)
 ParOldGen       total 167936K, used 31764K [0x00000006c7200000, 0x00000006d1600000, 0x000000076d100000)
  object space 167936K, 18% used [0x00000006c7200000,0x00000006c9105148,0x00000006d1600000)
 Metaspace       used 13960K, capacity 14108K, committed 14464K, reserved 1062912K
  class space    used 1551K, capacity 1610K, committed 1664K, reserved 1048576K
GC Heap History (10 events):
Event: 1,413 GC heap before
{Heap before GC invocations=3 (full 0):
 PSYoungGen      total 69120K, used 68617K [0x000000076d100000, 0x0000000775d80000, 0x00000007c0000000)
  eden space 64512K, 100% used [0x000000076d100000,0x0000000771000000,0x0000000771000000)
  from space 4608K, 89% used [0x0000000775900000,0x0000000775d02708,0x0000000775d80000)
  to   space 10240K, 0% used [0x0000000774980000,0x0000000774980000,0x0000000775380000)
 ParOldGen       total 171008K, used 38636K [0x00000006c7200000, 0x00000006d1900000, 0x000000076d100000)
  object space 171008K, 22% used [0x00000006c7200000,0x00000006c97bb1f0,0x00000006d1900000)
 Metaspace       used 13035K, capacity 13212K, committed 13568K, reserved 1060864K
  class space    used 1393K, capacity 1482K, committed 1536K, reserved 1048576K
Event: 1,417 GC heap after
Heap after GC invocations=3 (full 0):
 PSYoungGen      total 72192K, used 7199K [0x000000076d100000, 0x0000000775980000, 0x00000007c0000000)
  eden space 64512K, 0% used [0x000000076d100000,0x000000076d100000,0x0000000771000000)
  from space 7680K, 93% used [0x0000000774980000,0x0000000775087fe0,0x0000000775100000)
  to   space 8704K, 0% used [0x0000000775100000,0x0000000775100000,0x0000000775980000)
 ParOldGen       total 171008K, used 38644K [0x00000006c7200000, 0x00000006d1900000, 0x000000076d100000)
  object space 171008K, 22% used [0x00000006c7200000,0x00000006c97bd1f0,0x00000006d1900000)
 Metaspace       used 13035K, capacity 13212K, committed 13568K, reserved 1060864K
  class space    used 1393K, capacity 1482K, committed 1536K, reserved 1048576K
}
Event: 1,740 GC heap before
{Heap before GC invocations=4 (full 0):
 PSYoungGen      total 72192K, used 51027K [0x000000076d100000, 0x0000000775980000, 0x00000007c0000000)
  eden space 64512K, 67% used [0x000000076d100000,0x000000076fbccc80,0x0000000771000000)
  from space 7680K, 93% used [0x0000000774980000,0x0000000775087fe0,0x0000000775100000)
  to   space 8704K, 0% used [0x0000000775100000,0x0000000775100000,0x0000000775980000)
 ParOldGen       total 171008K, used 38644K [0x00000006c7200000, 0x00000006d1900000, 0x000000076d100000)
  object space 171008K, 22% used [0x00000006c7200000,0x00000006c97bd1f0,0x00000006d1900000)
 Metaspace       used 13220K, capacity 13404K, committed 13568K, reserved 1060864K
  class space    used 1417K, capacity 1482K, committed 1536K, reserved 1048576K
Event: 1,742 GC heap after
Heap after GC invocations=4 (full 0):
 PSYoungGen      total 71168K, used 6271K [0x000000076d100000, 0x0000000775780000, 0x00000007c0000000)
  eden space 64512K, 0% used [0x000000076d100000,0x000000076d100000,0x0000000771000000)
  from space 6656K, 94% used [0x0000000775100000,0x000000077571ffa0,0x0000000775780000)
  to   space 10240K, 0% used [0x0000000774380000,0x0000000774380000,0x0000000774d80000)
 ParOldGen       total 171008K, used 38652K [0x00000006c7200000, 0x00000006d1900000, 0x000000076d100000)
  object space 171008K, 22% used [0x00000006c7200000,0x00000006c97bf1f0,0x00000006d1900000)
 Metaspace       used 13220K, capacity 13404K, committed 13568K, reserved 1060864K
  class space    used 1417K, capacity 1482K, committed 1536K, reserved 1048576K
}
Event: 1,858 GC heap before
{Heap before GC invocations=5 (full 0):
 PSYoungGen      total 71168K, used 70783K [0x000000076d100000, 0x0000000775780000, 0x00000007c0000000)
  eden space 64512K, 100% used [0x000000076d100000,0x0000000771000000,0x0000000771000000)
  from space 6656K, 94% used [0x0000000775100000,0x000000077571ffa0,0x0000000775780000)
  to   space 10240K, 0% used [0x0000000774380000,0x0000000774380000,0x0000000774d80000)
 ParOldGen       total 171008K, used 38652K [0x00000006c7200000, 0x00000006d1900000, 0x000000076d100000)
  object space 171008K, 22% used [0x00000006c7200000,0x00000006c97bf1f0,0x00000006d1900000)
 Metaspace       used 13438K, capacity 13660K, committed 13952K, reserved 1060864K
  class space    used 1466K, capacity 1546K, committed 1664K, reserved 1048576K
Event: 1,876 GC heap after
Heap after GC invocations=5 (full 0):
 PSYoungGen      total 127488K, used 6467K [0x000000076d100000, 0x0000000776b00000, 0x00000007c0000000)
  eden space 117248K, 0% used [0x000000076d100000,0x000000076d100000,0x0000000774380000)
  from space 10240K, 63% used [0x0000000774380000,0x00000007749d0e70,0x0000000774d80000)
  to   space 14336K, 0% used [0x0000000775d00000,0x0000000775d00000,0x0000000776b00000)
 ParOldGen       total 171008K, used 115093K [0x00000006c7200000, 0x00000006d1900000, 0x000000076d100000)
  object space 171008K, 67% used [0x00000006c7200000,0x00000006ce265498,0x00000006d1900000)
 Metaspace       used 13438K, capacity 13660K, committed 13952K, reserved 1060864K
  class space    used 1466K, capacity 1546K, committed 1664K, reserved 1048576K
}
Event: 1,876 GC heap before
{Heap before GC invocations=6 (full 1):
 PSYoungGen      total 127488K, used 6467K [0x000000076d100000, 0x0000000776b00000, 0x00000007c0000000)
  eden space 117248K, 0% used [0x000000076d100000,0x000000076d100000,0x0000000774380000)
  from space 10240K, 63% used [0x0000000774380000,0x00000007749d0e70,0x0000000774d80000)
  to   space 14336K, 0% used [0x0000000775d00000,0x0000000775d00000,0x0000000776b00000)
 ParOldGen       total 171008K, used 115093K [0x00000006c7200000, 0x00000006d1900000, 0x000000076d100000)
  object space 171008K, 67% used [0x00000006c7200000,0x00000006ce265498,0x00000006d1900000)
 Metaspace       used 13438K, capacity 13660K, committed 13952K, reserved 1060864K
  class space    used 1466K, capacity 1546K, committed 1664K, reserved 1048576K
Event: 1,892 GC heap after
Heap after GC invocations=6 (full 1):
 PSYoungGen      total 127488K, used 0K [0x000000076d100000, 0x0000000776b00000, 0x00000007c0000000)
  eden space 117248K, 0% used [0x000000076d100000,0x000000076d100000,0x0000000774380000)
  from space 10240K, 0% used [0x0000000774380000,0x0000000774380000,0x0000000774d80000)
  to   space 14336K, 0% used [0x0000000775d00000,0x0000000775d00000,0x0000000776b00000)
 ParOldGen       total 167936K, used 31756K [0x00000006c7200000, 0x00000006d1600000, 0x000000076d100000)
  object space 167936K, 18% used [0x00000006c7200000,0x00000006c9103148,0x00000006d1600000)
 Metaspace       used 13438K, capacity 13660K, committed 13952K, reserved 1060864K
  class space    used 1466K, capacity 1546K, committed 1664K, reserved 1048576K
}
Event: 2,198 GC heap before
{Heap before GC invocations=7 (full 1):
 PSYoungGen      total 127488K, used 103731K [0x000000076d100000, 0x0000000776b00000, 0x00000007c0000000)
  eden space 117248K, 88% used [0x000000076d100000,0x000000077364cd88,0x0000000774380000)
  from space 10240K, 0% used [0x0000000774380000,0x0000000774380000,0x0000000774d80000)
  to   space 14336K, 0% used [0x0000000775d00000,0x0000000775d00000,0x0000000776b00000)
 ParOldGen       total 167936K, used 31756K [0x00000006c7200000, 0x00000006d1600000, 0x000000076d100000)
  object space 167936K, 18% used [0x00000006c7200000,0x00000006c9103148,0x00000006d1600000)
 Metaspace       used 13867K, capacity 14044K, committed 14208K, reserved 1062912K
  class space    used 1548K, capacity 1610K, committed 1664K, reserved 1048576K
Event: 2,199 GC heap after
Heap after GC invocations=7 (full 1):
 PSYoungGen      total 142848K, used 719K [0x000000076d100000, 0x000000077ba00000, 0x00000007c0000000)
  eden space 128512K, 0% used [0x000000076d100000,0x000000076d100000,0x0000000774e80000)
  from space 14336K, 5% used [0x0000000775d00000,0x0000000775db3e50,0x0000000776b00000)
  to   space 14848K, 0% used [0x0000000774e80000,0x0000000774e80000,0x0000000775d00000)
 ParOldGen       total 167936K, used 31764K [0x00000006c7200000, 0x00000006d1600000, 0x000000076d100000)
  object space 167936K, 18% used [0x00000006c7200000,0x00000006c9105148,0x00000006d1600000)
 Metaspace       used 13867K, capacity 14044K, committed 14208K, reserved 1062912K
  class space    used 1548K, capacity 1610K, committed 1664K, reserved 1048576K
}

