# JRE version: OpenJDK Runtime Environment (8.0_212-b03) (build 1.8.0_212-8u212-b03-0ubuntu1.18.04.1-b03)
# Java VM: OpenJDK 64-Bit Server VM (25.212-b03 mixed mode linux-amd64 compressed oops)
Heap:
 PSYoungGen      total 142336K, used 82300K [0x000000076d100000, 0x000000077b600000, 0x00000007c0000000)
  eden space 128000K, 63% used [0x000000076d100000,0x00000007720c83d8,0x0000000774e00000)
  from space 14336K, 4% used [0x0000000775d00000,0x0000000775d96d60,0x0000000776b00000)
  to   space 15360K, 0% used [0x0000000774e00000,0x0000000774e00000,0x0000000775d00000)
 ParOldGen       total 170496K, used 31336K [0x00000006c7200000, 0x00000006d1880000, 0x000000076d100000)
  object space 170496K, 18% used [0x00000006c7200000,0x00000006c909a3c0,0x00000006d1880000)
 Metaspace       used 13951K, capacity 14160K, committed 14464K, reserved 1062912K
  class space    used 1551K, capacity 1610K, committed 1664K, reserved 1048576K
GC Heap History (10 events):
Event: 1,363 GC heap before
{Heap before GC invocations=3 (full 0):
 PSYoungGen      total 69632K, used 69290K [0x000000076d100000, 0x0000000775e00000, 0x00000007c0000000)
  eden space 64512K, 100% used [0x000000076d100000,0x0000000771000000,0x0000000771000000)
  from space 5120K, 93% used [0x0000000775900000,0x0000000775daa838,0x0000000775e00000)
  to   space 10240K, 0% used [0x0000000774a00000,0x0000000774a00000,0x0000000775400000)
 ParOldGen       total 171008K, used 38672K [0x00000006c7200000, 0x00000006d1900000, 0x000000076d100000)
  object space 171008K, 22% used [0x00000006c7200000,0x00000006c97c4390,0x00000006d1900000)
 Metaspace       used 13032K, capacity 13200K, committed 13312K, reserved 1060864K
  class space    used 1393K, capacity 1482K, committed 1536K, reserved 1048576K
Event: 1,366 GC heap after
Heap after GC invocations=3 (full 0):
 PSYoungGen      total 72192K, used 7444K [0x000000076d100000, 0x0000000775980000, 0x00000007c0000000)
  eden space 64512K, 0% used [0x000000076d100000,0x000000076d100000,0x0000000771000000)
  from space 7680K, 96% used [0x0000000774a00000,0x0000000775145168,0x0000000775180000)
  to   space 8192K, 0% used [0x0000000775180000,0x0000000775180000,0x0000000775980000)
 ParOldGen       total 171008K, used 38680K [0x00000006c7200000, 0x00000006d1900000, 0x000000076d100000)
  object space 171008K, 22% used [0x00000006c7200000,0x00000006c97c6390,0x00000006d1900000)
 Metaspace       used 13032K, capacity 13200K, committed 13312K, reserved 1060864K
  class space    used 1393K, capacity 1482K, committed 1536K, reserved 1048576K
}
Event: 1,691 GC heap before
{Heap before GC invocations=4 (full 0):
 PSYoungGen      total 72192K, used 50962K [0x000000076d100000, 0x0000000775980000, 0x00000007c0000000)
  eden space 64512K, 67% used [0x000000076d100000,0x000000076fb7f9d8,0x0000000771000000)
  from space 7680K, 96% used [0x0000000774a00000,0x0000000775145168,0x0000000775180000)
  to   space 8192K, 0% used [0x0000000775180000,0x0000000775180000,0x0000000775980000)
 ParOldGen       total 171008K, used 38680K [0x00000006c7200000, 0x00000006d1900000, 0x000000076d100000)
  object space 171008K, 22% used [0x00000006c7200000,0x00000006c97c6390,0x00000006d1900000)
 Metaspace       used 13226K, capacity 13392K, committed 13568K, reserved 1060864K
  class space    used 1417K, capacity 1482K, committed 1536K, reserved 1048576K
Event: 1,694 GC heap after
Heap after GC invocations=4 (full 0):
 PSYoungGen      total 71168K, used 6167K [0x000000076d100000, 0x0000000775800000, 0x00000007c0000000)
  eden space 64512K, 0% used [0x000000076d100000,0x000000076d100000,0x0000000771000000)
  from space 6656K, 92% used [0x0000000775180000,0x0000000775785da0,0x0000000775800000)
  to   space 10240K, 0% used [0x0000000774400000,0x0000000774400000,0x0000000774e00000)
 ParOldGen       total 171008K, used 38688K [0x00000006c7200000, 0x00000006d1900000, 0x000000076d100000)
  object space 171008K, 22% used [0x00000006c7200000,0x00000006c97c8390,0x00000006d1900000)
 Metaspace       used 13226K, capacity 13392K, committed 13568K, reserved 1060864K
  class space    used 1417K, capacity 1482K, committed 1536K, reserved 1048576K
}
Event: 1,811 GC heap before
{Heap before GC invocations=5 (full 0):
 PSYoungGen      total 71168K, used 70679K [0x000000076d100000, 0x0000000775800000, 0x00000007c0000000)
  eden space 64512K, 100% used [0x000000076d100000,0x0000000771000000,0x0000000771000000)
  from space 6656K, 92% used [0x0000000775180000,0x0000000775785da0,0x0000000775800000)
  to   space 10240K, 0% used [0x0000000774400000,0x0000000774400000,0x0000000774e00000)
 ParOldGen       total 171008K, used 38688K [0x00000006c7200000, 0x00000006d1900000, 0x000000076d100000)
  object space 171008K, 22% used [0x00000006c7200000,0x00000006c97c8390,0x00000006d1900000)
 Metaspace       used 13445K, capacity 13648K, committed 13952K, reserved 1060864K
  class space    used 1466K, capacity 1546K, committed 1664K, reserved 1048576K
Event: 1,823 GC heap after
Heap after GC invocations=5 (full 0):
 PSYoungGen      total 128000K, used 5943K [0x000000076d100000, 0x0000000776b00000, 0x00000007c0000000)
  eden space 117760K, 0% used [0x000000076d100000,0x000000076d100000,0x0000000774400000)
  from space 10240K, 58% used [0x0000000774400000,0x00000007749cdc18,0x0000000774e00000)
  to   space 14336K, 0% used [0x0000000775d00000,0x0000000775d00000,0x0000000776b00000)
 ParOldGen       total 171008K, used 115129K [0x00000006c7200000, 0x00000006d1900000, 0x000000076d100000)
  object space 171008K, 67% used [0x00000006c7200000,0x00000006ce26e638,0x00000006d1900000)
 Metaspace       used 13445K, capacity 13648K, committed 13952K, reserved 1060864K
  class space    used 1466K, capacity 1546K, committed 1664K, reserved 1048576K
}
Event: 1,823 GC heap before
{Heap before GC invocations=6 (full 1):
 PSYoungGen      total 128000K, used 5943K [0x000000076d100000, 0x0000000776b00000, 0x00000007c0000000)
  eden space 117760K, 0% used [0x000000076d100000,0x000000076d100000,0x0000000774400000)
  from space 10240K, 58% used [0x0000000774400000,0x00000007749cdc18,0x0000000774e00000)
  to   space 14336K, 0% used [0x0000000775d00000,0x0000000775d00000,0x0000000776b00000)
 ParOldGen       total 171008K, used 115129K [0x00000006c7200000, 0x00000006d1900000, 0x000000076d100000)
  object space 171008K, 67% used [0x00000006c7200000,0x00000006ce26e638,0x00000006d1900000)
 Metaspace       used 13445K, capacity 13648K, committed 13952K, reserved 1060864K
  class space    used 1466K, capacity 1546K, committed 1664K, reserved 1048576K
Event: 1,839 GC heap after
Heap after GC invocations=6 (full 1):
 PSYoungGen      total 128000K, used 0K [0x000000076d100000, 0x0000000776b00000, 0x00000007c0000000)
  eden space 117760K, 0% used [0x000000076d100000,0x000000076d100000,0x0000000774400000)
  from space 10240K, 0% used [0x0000000774400000,0x0000000774400000,0x0000000774e00000)
  to   space 14336K, 0% used [0x0000000775d00000,0x0000000775d00000,0x0000000776b00000)
 ParOldGen       total 170496K, used 31328K [0x00000006c7200000, 0x00000006d1880000, 0x000000076d100000)
  object space 170496K, 18% used [0x00000006c7200000,0x00000006c90983c0,0x00000006d1880000)
 Metaspace       used 13445K, capacity 13648K, committed 13952K, reserved 1060864K
  class space    used 1466K, capacity 1546K, committed 1664K, reserved 1048576K
}
Event: 2,145 GC heap before
{Heap before GC invocations=7 (full 1):
 PSYoungGen      total 128000K, used 104524K [0x000000076d100000, 0x0000000776b00000, 0x00000007c0000000)
  eden space 117760K, 88% used [0x000000076d100000,0x0000000773713268,0x0000000774400000)
  from space 10240K, 0% used [0x0000000774400000,0x0000000774400000,0x0000000774e00000)
  to   space 14336K, 0% used [0x0000000775d00000,0x0000000775d00000,0x0000000776b00000)
 ParOldGen       total 170496K, used 31328K [0x00000006c7200000, 0x00000006d1880000, 0x000000076d100000)
  object space 170496K, 18% used [0x00000006c7200000,0x00000006c90983c0,0x00000006d1880000)
 Metaspace       used 13874K, capacity 14032K, committed 14208K, reserved 1062912K
  class space    used 1548K, capacity 1610K, committed 1664K, reserved 1048576K
Event: 2,146 GC heap after
Heap after GC invocations=7 (full 1):
 PSYoungGen      total 142336K, used 603K [0x000000076d100000, 0x000000077b600000, 0x00000007c0000000)
  eden space 128000K, 0% used [0x000000076d100000,0x000000076d100000,0x0000000774e00000)
  from space 14336K, 4% used [0x0000000775d00000,0x0000000775d96d60,0x0000000776b00000)
  to   space 15360K, 0% used [0x0000000774e00000,0x0000000774e00000,0x0000000775d00000)
 ParOldGen       total 170496K, used 31336K [0x00000006c7200000, 0x00000006d1880000, 0x000000076d100000)
  object space 170496K, 18% used [0x00000006c7200000,0x00000006c909a3c0,0x00000006d1880000)
 Metaspace       used 13874K, capacity 14032K, committed 14208K, reserved 1062912K
  class space    used 1548K, capacity 1610K, committed 1664K, reserved 1048576K
}

