# JRE version: OpenJDK Runtime Environment (8.0_212-b03) (build 1.8.0_212-8u212-b03-0ubuntu1.18.04.1-b03)
# Java VM: OpenJDK 64-Bit Server VM (25.212-b03 mixed mode linux-amd64 compressed oops)
Heap:
 PSYoungGen      total 139264K, used 72654K [0x000000076d100000, 0x000000077e100000, 0x00000007c0000000)
  eden space 129024K, 49% used [0x000000076d100000,0x0000000770ef55a8,0x0000000774f00000)
  from space 10240K, 89% used [0x0000000774f00000,0x00000007757fe2e8,0x0000000775900000)
  to   space 10240K, 0% used [0x000000077d700000,0x000000077d700000,0x000000077e100000)
 ParOldGen       total 171008K, used 40396K [0x00000006c7200000, 0x00000006d1900000, 0x000000076d100000)
  object space 171008K, 23% used [0x00000006c7200000,0x00000006c9973228,0x00000006d1900000)
 Metaspace       used 13868K, capacity 14044K, committed 14464K, reserved 1062912K
  class space    used 1491K, capacity 1546K, committed 1664K, reserved 1048576K
GC Heap History (6 events):
Event: 0,496 GC heap before
{Heap before GC invocations=1 (full 0):
 PSYoungGen      total 74752K, used 64512K [0x000000076d100000, 0x0000000772400000, 0x00000007c0000000)
  eden space 64512K, 100% used [0x000000076d100000,0x0000000771000000,0x0000000771000000)
  from space 10240K, 0% used [0x0000000771a00000,0x0000000771a00000,0x0000000772400000)
  to   space 10240K, 0% used [0x0000000771000000,0x0000000771000000,0x0000000771a00000)
 ParOldGen       total 171008K, used 0K [0x00000006c7200000, 0x00000006d1900000, 0x000000076d100000)
  object space 171008K, 0% used [0x00000006c7200000,0x00000006c7200000,0x00000006d1900000)
 Metaspace       used 10752K, capacity 10934K, committed 11264K, reserved 1058816K
  class space    used 1165K, capacity 1257K, committed 1280K, reserved 1048576K
Event: 0,503 GC heap after
Heap after GC invocations=1 (full 0):
 PSYoungGen      total 74752K, used 10239K [0x000000076d100000, 0x0000000776300000, 0x00000007c0000000)
  eden space 64512K, 0% used [0x000000076d100000,0x000000076d100000,0x0000000771000000)
  from space 10240K, 99% used [0x0000000771000000,0x00000007719ffc88,0x0000000771a00000)
  to   space 10240K, 0% used [0x0000000775900000,0x0000000775900000,0x0000000776300000)
 ParOldGen       total 171008K, used 5296K [0x00000006c7200000, 0x00000006d1900000, 0x000000076d100000)
  object space 171008K, 3% used [0x00000006c7200000,0x00000006c772c228,0x00000006d1900000)
 Metaspace       used 10752K, capacity 10934K, committed 11264K, reserved 1058816K
  class space    used 1165K, capacity 1257K, committed 1280K, reserved 1048576K
}
Event: 0,669 GC heap before
{Heap before GC invocations=2 (full 0):
 PSYoungGen      total 74752K, used 74751K [0x000000076d100000, 0x0000000776300000, 0x00000007c0000000)
  eden space 64512K, 100% used [0x000000076d100000,0x0000000771000000,0x0000000771000000)
  from space 10240K, 99% used [0x0000000771000000,0x00000007719ffc88,0x0000000771a00000)
  to   space 10240K, 0% used [0x0000000775900000,0x0000000775900000,0x0000000776300000)
 ParOldGen       total 171008K, used 5296K [0x00000006c7200000, 0x00000006d1900000, 0x000000076d100000)
  object space 171008K, 3% used [0x00000006c7200000,0x00000006c772c228,0x00000006d1900000)
 Metaspace       used 11588K, capacity 11798K, committed 12160K, reserved 1060864K
  class space    used 1211K, capacity 1289K, committed 1408K, reserved 1048576K
Event: 0,676 GC heap after
Heap after GC invocations=2 (full 0):
 PSYoungGen      total 139264K, used 10235K [0x000000076d100000, 0x0000000776300000, 0x00000007c0000000)
  eden space 129024K, 0% used [0x000000076d100000,0x000000076d100000,0x0000000774f00000)
  from space 10240K, 99% used [0x0000000775900000,0x00000007762feda0,0x0000000776300000)
  to   space 10240K, 0% used [0x0000000774f00000,0x0000000774f00000,0x0000000775900000)
 ParOldGen       total 171008K, used 22265K [0x00000006c7200000, 0x00000006d1900000, 0x000000076d100000)
  object space 171008K, 13% used [0x00000006c7200000,0x00000006c87be638,0x00000006d1900000)
 Metaspace       used 11588K, capacity 11798K, committed 12160K, reserved 1060864K
  class space    used 1211K, capacity 1289K, committed 1408K, reserved 1048576K
}
Event: 1,064 GC heap before
{Heap before GC invocations=3 (full 0):
 PSYoungGen      total 139264K, used 139259K [0x000000076d100000, 0x0000000776300000, 0x00000007c0000000)
  eden space 129024K, 100% used [0x000000076d100000,0x0000000774f00000,0x0000000774f00000)
  from space 10240K, 99% used [0x0000000775900000,0x00000007762feda0,0x0000000776300000)
  to   space 10240K, 0% used [0x0000000774f00000,0x0000000774f00000,0x0000000775900000)
 ParOldGen       total 171008K, used 22265K [0x00000006c7200000, 0x00000006d1900000, 0x000000076d100000)
  object space 171008K, 13% used [0x00000006c7200000,0x00000006c87be638,0x00000006d1900000)
 Metaspace       used 13134K, capacity 13340K, committed 13568K, reserved 1060864K
  class space    used 1355K, capacity 1418K, committed 1536K, reserved 1048576K
Event: 1,069 GC heap after
Heap after GC invocations=3 (full 0):
 PSYoungGen      total 139264K, used 9208K [0x000000076d100000, 0x000000077e100000, 0x00000007c0000000)
  eden space 129024K, 0% used [0x000000076d100000,0x000000076d100000,0x0000000774f00000)
  from space 10240K, 89% used [0x0000000774f00000,0x00000007757fe2e8,0x0000000775900000)
  to   space 10240K, 0% used [0x000000077d700000,0x000000077d700000,0x000000077e100000)
 ParOldGen       total 171008K, used 40396K [0x00000006c7200000, 0x00000006d1900000, 0x000000076d100000)
  object space 171008K, 23% used [0x00000006c7200000,0x00000006c9973228,0x00000006d1900000)
 Metaspace       used 13134K, capacity 13340K, committed 13568K, reserved 1060864K
  class space    used 1355K, capacity 1418K, committed 1536K, reserved 1048576K
}

