# JRE version: OpenJDK Runtime Environment (8.0_212-b03) (build 1.8.0_212-8u212-b03-0ubuntu1.18.04.1-b03)
# Java VM: OpenJDK 64-Bit Server VM (25.212-b03 mixed mode linux-amd64 compressed oops)
Heap:
 PSYoungGen      total 110080K, used 79343K [0x000000076d100000, 0x0000000780b00000, 0x00000007c0000000)
  eden space 99840K, 78% used [0x000000076d100000,0x0000000771dc5228,0x0000000773280000)
  from space 10240K, 7% used [0x0000000773280000,0x0000000773336d60,0x0000000773c80000)
  to   space 79872K, 0% used [0x000000077bd00000,0x000000077bd00000,0x0000000780b00000)
 ParOldGen       total 267264K, used 118432K [0x00000006c7200000, 0x00000006d7700000, 0x000000076d100000)
  object space 267264K, 44% used [0x00000006c7200000,0x00000006ce5a83e8,0x00000006d7700000)
 Metaspace       used 13104K, capacity 13272K, committed 13696K, reserved 1060864K
  class space    used 1475K, capacity 1546K, committed 1664K, reserved 1048576K
GC Heap History (10 events):
Event: 0,986 GC heap before
{Heap before GC invocations=3 (full 1):
 PSYoungGen      total 74752K, used 10223K [0x000000076d100000, 0x0000000776300000, 0x00000007c0000000)
  eden space 64512K, 0% used [0x000000076d100000,0x000000076d100000,0x0000000771000000)
  from space 10240K, 99% used [0x0000000771a00000,0x00000007723fbde0,0x0000000772400000)
  to   space 10240K, 0% used [0x0000000771000000,0x0000000771000000,0x0000000771a00000)
 ParOldGen       total 171008K, used 170529K [0x00000006c7200000, 0x00000006d1900000, 0x000000076d100000)
  object space 171008K, 99% used [0x00000006c7200000,0x00000006d1888590,0x00000006d1900000)
 Metaspace       used 11700K, capacity 11928K, committed 12160K, reserved 1060864K
  class space    used 1271K, capacity 1354K, committed 1408K, reserved 1048576K
Event: 0,998 GC heap after
Heap after GC invocations=3 (full 1):
 PSYoungGen      total 74752K, used 0K [0x000000076d100000, 0x0000000776300000, 0x00000007c0000000)
  eden space 64512K, 0% used [0x000000076d100000,0x000000076d100000,0x0000000771000000)
  from space 10240K, 0% used [0x0000000771a00000,0x0000000771a00000,0x0000000772400000)
  to   space 10240K, 0% used [0x0000000771000000,0x0000000771000000,0x0000000771a00000)
 ParOldGen       total 250880K, used 60977K [0x00000006c7200000, 0x00000006d6700000, 0x000000076d100000)
  object space 250880K, 24% used [0x00000006c7200000,0x00000006cad8c788,0x00000006d6700000)
 Metaspace       used 11700K, capacity 11928K, committed 12160K, reserved 1060864K
  class space    used 1271K, capacity 1354K, committed 1408K, reserved 1048576K
}
Event: 2,480 GC heap before
{Heap before GC invocations=4 (full 2):
 PSYoungGen      total 74752K, used 64512K [0x000000076d100000, 0x0000000776300000, 0x00000007c0000000)
  eden space 64512K, 100% used [0x000000076d100000,0x0000000771000000,0x0000000771000000)
  from space 10240K, 0% used [0x0000000771a00000,0x0000000771a00000,0x0000000772400000)
  to   space 10240K, 0% used [0x0000000771000000,0x0000000771000000,0x0000000771a00000)
 ParOldGen       total 250880K, used 197377K [0x00000006c7200000, 0x00000006d6700000, 0x000000076d100000)
  object space 250880K, 78% used [0x00000006c7200000,0x00000006d32c07a8,0x00000006d6700000)
 Metaspace       used 12194K, capacity 12408K, committed 12672K, reserved 1060864K
  class space    used 1319K, capacity 1386K, committed 1408K, reserved 1048576K
Event: 2,489 GC heap after
Heap after GC invocations=4 (full 2):
 PSYoungGen      total 74752K, used 0K [0x000000076d100000, 0x0000000776300000, 0x00000007c0000000)
  eden space 64512K, 0% used [0x000000076d100000,0x000000076d100000,0x0000000771000000)
  from space 10240K, 0% used [0x0000000771a00000,0x0000000771a00000,0x0000000772400000)
  to   space 10240K, 0% used [0x0000000771000000,0x0000000771000000,0x0000000771a00000)
 ParOldGen       total 267264K, used 41953K [0x00000006c7200000, 0x00000006d7700000, 0x000000076d100000)
  object space 267264K, 15% used [0x00000006c7200000,0x00000006c9af85f8,0x00000006d7700000)
 Metaspace       used 12194K, capacity 12408K, committed 12672K, reserved 1060864K
  class space    used 1319K, capacity 1386K, committed 1408K, reserved 1048576K
}
Event: 3,065 GC heap before
{Heap before GC invocations=5 (full 2):
 PSYoungGen      total 74752K, used 64512K [0x000000076d100000, 0x0000000776300000, 0x00000007c0000000)
  eden space 64512K, 100% used [0x000000076d100000,0x0000000771000000,0x0000000771000000)
  from space 10240K, 0% used [0x0000000771a00000,0x0000000771a00000,0x0000000772400000)
  to   space 10240K, 0% used [0x0000000771000000,0x0000000771000000,0x0000000771a00000)
 ParOldGen       total 267264K, used 41953K [0x00000006c7200000, 0x00000006d7700000, 0x000000076d100000)
  object space 267264K, 15% used [0x00000006c7200000,0x00000006c9af85f8,0x00000006d7700000)
 Metaspace       used 12409K, capacity 12632K, committed 13056K, reserved 1060864K
  class space    used 1344K, capacity 1418K, committed 1536K, reserved 1048576K
Event: 3,069 GC heap after
Heap after GC invocations=5 (full 2):
 PSYoungGen      total 74752K, used 384K [0x000000076d100000, 0x0000000774680000, 0x00000007c0000000)
  eden space 64512K, 0% used [0x000000076d100000,0x000000076d100000,0x0000000771000000)
  from space 10240K, 3% used [0x0000000771000000,0x0000000771060000,0x0000000771a00000)
  to   space 10240K, 0% used [0x0000000773c80000,0x0000000773c80000,0x0000000774680000)
 ParOldGen       total 267264K, used 118416K [0x00000006c7200000, 0x00000006d7700000, 0x000000076d100000)
  object space 267264K, 44% used [0x00000006c7200000,0x00000006ce5a43e8,0x00000006d7700000)
 Metaspace       used 12409K, capacity 12632K, committed 13056K, reserved 1060864K
  class space    used 1344K, capacity 1418K, committed 1536K, reserved 1048576K
}
Event: 3,239 GC heap before
{Heap before GC invocations=6 (full 2):
 PSYoungGen      total 74752K, used 64819K [0x000000076d100000, 0x0000000774680000, 0x00000007c0000000)
  eden space 64512K, 99% used [0x000000076d100000,0x0000000770fecfb0,0x0000000771000000)
  from space 10240K, 3% used [0x0000000771000000,0x0000000771060000,0x0000000771a00000)
  to   space 10240K, 0% used [0x0000000773c80000,0x0000000773c80000,0x0000000774680000)
 ParOldGen       total 267264K, used 118416K [0x00000006c7200000, 0x00000006d7700000, 0x000000076d100000)
  object space 267264K, 44% used [0x00000006c7200000,0x00000006ce5a43e8,0x00000006d7700000)
 Metaspace       used 12603K, capacity 12792K, committed 13056K, reserved 1060864K
  class space    used 1390K, capacity 1450K, committed 1536K, reserved 1048576K
Event: 3,246 GC heap after
Heap after GC invocations=6 (full 2):
 PSYoungGen      total 110080K, used 580K [0x000000076d100000, 0x0000000774e00000, 0x00000007c0000000)
  eden space 99840K, 0% used [0x000000076d100000,0x000000076d100000,0x0000000773280000)
  from space 10240K, 5% used [0x0000000773c80000,0x0000000773d111e0,0x0000000774680000)
  to   space 10240K, 0% used [0x0000000773280000,0x0000000773280000,0x0000000773c80000)
 ParOldGen       total 267264K, used 118424K [0x00000006c7200000, 0x00000006d7700000, 0x000000076d100000)
  object space 267264K, 44% used [0x00000006c7200000,0x00000006ce5a63e8,0x00000006d7700000)
 Metaspace       used 12603K, capacity 12792K, committed 13056K, reserved 1060864K
  class space    used 1390K, capacity 1450K, committed 1536K, reserved 1048576K
}
Event: 3,442 GC heap before
{Heap before GC invocations=7 (full 2):
 PSYoungGen      total 110080K, used 75605K [0x000000076d100000, 0x0000000774e00000, 0x00000007c0000000)
  eden space 99840K, 75% used [0x000000076d100000,0x0000000771a44578,0x0000000773280000)
  from space 10240K, 5% used [0x0000000773c80000,0x0000000773d111e0,0x0000000774680000)
  to   space 10240K, 0% used [0x0000000773280000,0x0000000773280000,0x0000000773c80000)
 ParOldGen       total 267264K, used 118424K [0x00000006c7200000, 0x00000006d7700000, 0x000000076d100000)
  object space 267264K, 44% used [0x00000006c7200000,0x00000006ce5a63e8,0x00000006d7700000)
 Metaspace       used 13039K, capacity 13208K, committed 13440K, reserved 1060864K
  class space    used 1472K, capacity 1546K, committed 1664K, reserved 1048576K
Event: 3,443 GC heap after
Heap after GC invocations=7 (full 2):
 PSYoungGen      total 110080K, used 731K [0x000000076d100000, 0x0000000780b00000, 0x00000007c0000000)
  eden space 99840K, 0% used [0x000000076d100000,0x000000076d100000,0x0000000773280000)
  from space 10240K, 7% used [0x0000000773280000,0x0000000773336d60,0x0000000773c80000)
  to   space 79872K, 0% used [0x000000077bd00000,0x000000077bd00000,0x0000000780b00000)
 ParOldGen       total 267264K, used 118432K [0x00000006c7200000, 0x00000006d7700000, 0x000000076d100000)
  object space 267264K, 44% used [0x00000006c7200000,0x00000006ce5a83e8,0x00000006d7700000)
 Metaspace       used 13039K, capacity 13208K, committed 13440K, reserved 1060864K
  class space    used 1472K, capacity 1546K, committed 1664K, reserved 1048576K
}

