# JRE version: OpenJDK Runtime Environment (8.0_212-b03) (build 1.8.0_212-8u212-b03-0ubuntu1.18.04.1-b03)
# Java VM: OpenJDK 64-Bit Server VM (25.212-b03 mixed mode linux-amd64 compressed oops)
Heap:
 PSYoungGen      total 128512K, used 27838K [0x000000076d100000, 0x000000077b800000, 0x00000007c0000000)
  eden space 113152K, 24% used [0x000000076d100000,0x000000076ec2fa28,0x0000000773f80000)
  from space 15360K, 0% used [0x0000000773f80000,0x0000000773f80000,0x0000000774e80000)
  to   space 15360K, 0% used [0x000000077a900000,0x000000077a900000,0x000000077b800000)
 ParOldGen       total 297472K, used 56885K [0x00000006c7200000, 0x00000006d9480000, 0x000000076d100000)
  object space 297472K, 19% used [0x00000006c7200000,0x00000006ca98d708,0x00000006d9480000)
 Metaspace       used 13956K, capacity 14168K, committed 14464K, reserved 1062912K
  class space    used 1551K, capacity 1610K, committed 1664K, reserved 1048576K
GC Heap History (10 events):
Event: 1,839 GC heap before
{Heap before GC invocations=5 (full 0):
 PSYoungGen      total 74752K, used 70551K [0x000000076d100000, 0x0000000772400000, 0x00000007c0000000)
  eden space 64512K, 100% used [0x000000076d100000,0x0000000771000000,0x0000000771000000)
  from space 10240K, 58% used [0x0000000771a00000,0x0000000771fe5c90,0x0000000772400000)
  to   space 10240K, 0% used [0x0000000771000000,0x0000000771000000,0x0000000771a00000)
 ParOldGen       total 171008K, used 38656K [0x00000006c7200000, 0x00000006d1900000, 0x000000076d100000)
  object space 171008K, 22% used [0x00000006c7200000,0x00000006c97c0040,0x00000006d1900000)
 Metaspace       used 13451K, capacity 13656K, committed 13952K, reserved 1060864K
  class space    used 1466K, capacity 1546K, committed 1664K, reserved 1048576K
Event: 1,856 GC heap after
Heap after GC invocations=5 (full 0):
 PSYoungGen      total 74752K, used 5796K [0x000000076d100000, 0x0000000776b00000, 0x00000007c0000000)
  eden space 64512K, 0% used [0x000000076d100000,0x000000076d100000,0x0000000771000000)
  from space 10240K, 56% used [0x0000000771000000,0x00000007715a9200,0x0000000771a00000)
  to   space 14336K, 0% used [0x0000000775d00000,0x0000000775d00000,0x0000000776b00000)
 ParOldGen       total 171008K, used 115096K [0x00000006c7200000, 0x00000006d1900000, 0x000000076d100000)
  object space 171008K, 67% used [0x00000006c7200000,0x00000006ce2662e8,0x00000006d1900000)
 Metaspace       used 13451K, capacity 13656K, committed 13952K, reserved 1060864K
  class space    used 1466K, capacity 1546K, committed 1664K, reserved 1048576K
}
Event: 1,856 GC heap before
{Heap before GC invocations=6 (full 1):
 PSYoungGen      total 74752K, used 5796K [0x000000076d100000, 0x0000000776b00000, 0x00000007c0000000)
  eden space 64512K, 0% used [0x000000076d100000,0x000000076d100000,0x0000000771000000)
  from space 10240K, 56% used [0x0000000771000000,0x00000007715a9200,0x0000000771a00000)
  to   space 14336K, 0% used [0x0000000775d00000,0x0000000775d00000,0x0000000776b00000)
 ParOldGen       total 171008K, used 115096K [0x00000006c7200000, 0x00000006d1900000, 0x000000076d100000)
  object space 171008K, 67% used [0x00000006c7200000,0x00000006ce2662e8,0x00000006d1900000)
 Metaspace       used 13451K, capacity 13656K, committed 13952K, reserved 1060864K
  class space    used 1466K, capacity 1546K, committed 1664K, reserved 1048576K
Event: 1,874 GC heap after
Heap after GC invocations=6 (full 1):
 PSYoungGen      total 74752K, used 0K [0x000000076d100000, 0x0000000776b00000, 0x00000007c0000000)
  eden space 64512K, 0% used [0x000000076d100000,0x000000076d100000,0x0000000771000000)
  from space 10240K, 0% used [0x0000000771000000,0x0000000771000000,0x0000000771a00000)
  to   space 14336K, 0% used [0x0000000775d00000,0x0000000775d00000,0x0000000776b00000)
 ParOldGen       total 169472K, used 31328K [0x00000006c7200000, 0x00000006d1780000, 0x000000076d100000)
  object space 169472K, 18% used [0x00000006c7200000,0x00000006c9098188,0x00000006d1780000)
 Metaspace       used 13451K, capacity 13656K, committed 13952K, reserved 1060864K
  class space    used 1466K, capacity 1546K, committed 1664K, reserved 1048576K
}
Event: 2,047 GC heap before
{Heap before GC invocations=7 (full 1):
 PSYoungGen      total 74752K, used 64512K [0x000000076d100000, 0x0000000776b00000, 0x00000007c0000000)
  eden space 64512K, 100% used [0x000000076d100000,0x0000000771000000,0x0000000771000000)
  from space 10240K, 0% used [0x0000000771000000,0x0000000771000000,0x0000000771a00000)
  to   space 14336K, 0% used [0x0000000775d00000,0x0000000775d00000,0x0000000776b00000)
 ParOldGen       total 169472K, used 31328K [0x00000006c7200000, 0x00000006d1780000, 0x000000076d100000)
  object space 169472K, 18% used [0x00000006c7200000,0x00000006c9098188,0x00000006d1780000)
 Metaspace       used 13459K, capacity 13656K, committed 13952K, reserved 1060864K
  class space    used 1466K, capacity 1546K, committed 1664K, reserved 1048576K
Event: 2,048 GC heap after
Heap after GC invocations=7 (full 1):
 PSYoungGen      total 113664K, used 296K [0x000000076d100000, 0x0000000775d80000, 0x00000007c0000000)
  eden space 113152K, 0% used [0x000000076d100000,0x000000076d100000,0x0000000773f80000)
  from space 512K, 57% used [0x0000000775d00000,0x0000000775d4a1e0,0x0000000775d80000)
  to   space 15360K, 0% used [0x0000000773f80000,0x0000000773f80000,0x0000000774e80000)
 ParOldGen       total 169472K, used 31336K [0x00000006c7200000, 0x00000006d1780000, 0x000000076d100000)
  object space 169472K, 18% used [0x00000006c7200000,0x00000006c909a188,0x00000006d1780000)
 Metaspace       used 13459K, capacity 13656K, committed 13952K, reserved 1060864K
  class space    used 1466K, capacity 1546K, committed 1664K, reserved 1048576K
}
Event: 2,236 GC heap before
{Heap before GC invocations=8 (full 1):
 PSYoungGen      total 113664K, used 95216K [0x000000076d100000, 0x0000000775d80000, 0x00000007c0000000)
  eden space 113152K, 83% used [0x000000076d100000,0x0000000772db21b8,0x0000000773f80000)
  from space 512K, 57% used [0x0000000775d00000,0x0000000775d4a1e0,0x0000000775d80000)
  to   space 15360K, 0% used [0x0000000773f80000,0x0000000773f80000,0x0000000774e80000)
 ParOldGen       total 169472K, used 31336K [0x00000006c7200000, 0x00000006d1780000, 0x000000076d100000)
  object space 169472K, 18% used [0x00000006c7200000,0x00000006c909a188,0x00000006d1780000)
 Metaspace       used 13951K, capacity 14168K, committed 14464K, reserved 1062912K
  class space    used 1550K, capacity 1610K, committed 1664K, reserved 1048576K
Event: 2,255 GC heap after
Heap after GC invocations=8 (full 1):
 PSYoungGen      total 128512K, used 661K [0x000000076d100000, 0x000000077b800000, 0x00000007c0000000)
  eden space 113152K, 0% used [0x000000076d100000,0x000000076d100000,0x0000000773f80000)
  from space 15360K, 4% used [0x0000000773f80000,0x00000007740255d8,0x0000000774e80000)
  to   space 15360K, 0% used [0x000000077a900000,0x000000077a900000,0x000000077b800000)
 ParOldGen       total 220672K, used 209687K [0x00000006c7200000, 0x00000006d4980000, 0x000000076d100000)
  object space 220672K, 95% used [0x00000006c7200000,0x00000006d3ec5d10,0x00000006d4980000)
 Metaspace       used 13951K, capacity 14168K, committed 14464K, reserved 1062912K
  class space    used 1550K, capacity 1610K, committed 1664K, reserved 1048576K
}
Event: 2,255 GC heap before
{Heap before GC invocations=9 (full 2):
 PSYoungGen      total 128512K, used 661K [0x000000076d100000, 0x000000077b800000, 0x00000007c0000000)
  eden space 113152K, 0% used [0x000000076d100000,0x000000076d100000,0x0000000773f80000)
  from space 15360K, 4% used [0x0000000773f80000,0x00000007740255d8,0x0000000774e80000)
  to   space 15360K, 0% used [0x000000077a900000,0x000000077a900000,0x000000077b800000)
 ParOldGen       total 220672K, used 209687K [0x00000006c7200000, 0x00000006d4980000, 0x000000076d100000)
  object space 220672K, 95% used [0x00000006c7200000,0x00000006d3ec5d10,0x00000006d4980000)
 Metaspace       used 13951K, capacity 14168K, committed 14464K, reserved 1062912K
  class space    used 1550K, capacity 1610K, committed 1664K, reserved 1048576K
Event: 2,269 GC heap after
Heap after GC invocations=9 (full 2):
 PSYoungGen      total 128512K, used 0K [0x000000076d100000, 0x000000077b800000, 0x00000007c0000000)
  eden space 113152K, 0% used [0x000000076d100000,0x000000076d100000,0x0000000773f80000)
  from space 15360K, 0% used [0x0000000773f80000,0x0000000773f80000,0x0000000774e80000)
  to   space 15360K, 0% used [0x000000077a900000,0x000000077a900000,0x000000077b800000)
 ParOldGen       total 297472K, used 56885K [0x00000006c7200000, 0x00000006d9480000, 0x000000076d100000)
  object space 297472K, 19% used [0x00000006c7200000,0x00000006ca98d708,0x00000006d9480000)
 Metaspace       used 13951K, capacity 14168K, committed 14464K, reserved 1062912K
  class space    used 1550K, capacity 1610K, committed 1664K, reserved 1048576K
}

